/*C3*/SET SCHEMA PUBLIC
DELETE FROM ROOM WHERE APPKEY='0a338a1f-4521-4acf-9' AND ID='1968615257'
INSERT INTO ROOM VALUES('0a338a1f-4521-4acf-9','1968615257',100,'MMO_Room_1','{}')
COMMIT
DELETE FROM ROOM WHERE APPKEY='0a338a1f-4521-4acf-9' AND ID='1968615257'
INSERT INTO ROOM VALUES('0a338a1f-4521-4acf-9','1968615257',100,'MMO_Room_1','{}')
COMMIT
DELETE FROM ROOM WHERE APPKEY='0a338a1f-4521-4acf-9' AND ID='1968615257'
INSERT INTO ROOM VALUES('0a338a1f-4521-4acf-9','1968615257',100,'MMO_Room_1','{}')
COMMIT
DELETE FROM ROOM WHERE APPKEY='0a338a1f-4521-4acf-9' AND ID='1968615257'
INSERT INTO ROOM VALUES('0a338a1f-4521-4acf-9','1968615257',100,'MMO_Room_1','{}')
COMMIT
DELETE FROM ROOM WHERE APPKEY='0a338a1f-4521-4acf-9' AND ID='1968615257'
INSERT INTO ROOM VALUES('0a338a1f-4521-4acf-9','1968615257',100,'MMO_Room_1','{}')
COMMIT
DELETE FROM ROOM WHERE APPKEY='0a338a1f-4521-4acf-9' AND ID='1968615257'
INSERT INTO ROOM VALUES('0a338a1f-4521-4acf-9','1968615257',100,'MMO_Room_1','{}')
COMMIT
DELETE FROM ROOM WHERE APPKEY='0a338a1f-4521-4acf-9' AND ID='1968615257'
INSERT INTO ROOM VALUES('0a338a1f-4521-4acf-9','1968615257',100,'MMO_Room_1','{}')
COMMIT
DELETE FROM ROOM WHERE APPKEY='0a338a1f-4521-4acf-9' AND ID='1968615257'
INSERT INTO ROOM VALUES('0a338a1f-4521-4acf-9','1968615257',100,'MMO_Room_1','{}')
COMMIT
DELETE FROM ROOM WHERE APPKEY='0a338a1f-4521-4acf-9' AND ID='1968615257'
INSERT INTO ROOM VALUES('0a338a1f-4521-4acf-9','1968615257',100,'MMO_Room_1','{}')
COMMIT
DELETE FROM ROOM WHERE APPKEY='0a338a1f-4521-4acf-9' AND ID='1968615257'
INSERT INTO ROOM VALUES('0a338a1f-4521-4acf-9','1968615257',100,'MMO_Room_1','{}')
COMMIT
DELETE FROM ROOM WHERE APPKEY='0a338a1f-4521-4acf-9' AND ID='1968615257'
INSERT INTO ROOM VALUES('0a338a1f-4521-4acf-9','1968615257',100,'MMO_Room_1','{}')
COMMIT
DELETE FROM ROOM WHERE APPKEY='0a338a1f-4521-4acf-9' AND ID='1968615257'
INSERT INTO ROOM VALUES('0a338a1f-4521-4acf-9','1968615257',100,'MMO_Room_1','{}')
COMMIT
DELETE FROM ROOM WHERE APPKEY='0a338a1f-4521-4acf-9' AND ID='1968615257'
INSERT INTO ROOM VALUES('0a338a1f-4521-4acf-9','1968615257',100,'MMO_Room_1','{}')
COMMIT
DELETE FROM ROOM WHERE APPKEY='0a338a1f-4521-4acf-9' AND ID='1968615257'
INSERT INTO ROOM VALUES('0a338a1f-4521-4acf-9','1968615257',100,'MMO_Room_1','{}')
COMMIT
DELETE FROM ROOM WHERE APPKEY='0a338a1f-4521-4acf-9' AND ID='1968615257'
INSERT INTO ROOM VALUES('0a338a1f-4521-4acf-9','1968615257',100,'MMO_Room_1','{}')
COMMIT
DELETE FROM ROOM WHERE APPKEY='0a338a1f-4521-4acf-9' AND ID='1968615257'
INSERT INTO ROOM VALUES('0a338a1f-4521-4acf-9','1968615257',100,'MMO_Room_1','{}')
COMMIT
DELETE FROM ROOM WHERE APPKEY='0a338a1f-4521-4acf-9' AND ID='1968615257'
INSERT INTO ROOM VALUES('0a338a1f-4521-4acf-9','1968615257',100,'MMO_Room_1','{}')
COMMIT
DELETE FROM ROOM WHERE APPKEY='0a338a1f-4521-4acf-9' AND ID='1968615257'
INSERT INTO ROOM VALUES('0a338a1f-4521-4acf-9','1968615257',100,'MMO_Room_1','{}')
COMMIT
DELETE FROM ROOM WHERE APPKEY='0a338a1f-4521-4acf-9' AND ID='1968615257'
INSERT INTO ROOM VALUES('0a338a1f-4521-4acf-9','1968615257',100,'MMO_Room_1','{}')
COMMIT
DELETE FROM ROOM WHERE APPKEY='0a338a1f-4521-4acf-9' AND ID='1968615257'
INSERT INTO ROOM VALUES('0a338a1f-4521-4acf-9','1968615257',100,'MMO_Room_1','{}')
COMMIT
DELETE FROM ROOM WHERE APPKEY='0a338a1f-4521-4acf-9' AND ID='1968615257'
INSERT INTO ROOM VALUES('0a338a1f-4521-4acf-9','1968615257',100,'MMO_Room_1','{}')
COMMIT
DELETE FROM ROOM WHERE APPKEY='0a338a1f-4521-4acf-9' AND ID='1968615257'
INSERT INTO ROOM VALUES('0a338a1f-4521-4acf-9','1968615257',100,'MMO_Room_1','{}')
COMMIT
DELETE FROM ROOM WHERE APPKEY='0a338a1f-4521-4acf-9' AND ID='1968615257'
INSERT INTO ROOM VALUES('0a338a1f-4521-4acf-9','1968615257',100,'MMO_Room_1','{}')
COMMIT
DELETE FROM ROOM WHERE APPKEY='0a338a1f-4521-4acf-9' AND ID='1968615257'
INSERT INTO ROOM VALUES('0a338a1f-4521-4acf-9','1968615257',100,'MMO_Room_1','{}')
COMMIT
DELETE FROM ROOM WHERE APPKEY='0a338a1f-4521-4acf-9' AND ID='1968615257'
INSERT INTO ROOM VALUES('0a338a1f-4521-4acf-9','1968615257',100,'MMO_Room_1','{}')
COMMIT
DELETE FROM ROOM WHERE APPKEY='0a338a1f-4521-4acf-9' AND ID='1968615257'
INSERT INTO ROOM VALUES('0a338a1f-4521-4acf-9','1968615257',100,'MMO_Room_1','{}')
COMMIT
DELETE FROM ROOM WHERE APPKEY='0a338a1f-4521-4acf-9' AND ID='1968615257'
INSERT INTO ROOM VALUES('0a338a1f-4521-4acf-9','1968615257',100,'MMO_Room_1','{}')
COMMIT
DELETE FROM ROOM WHERE APPKEY='0a338a1f-4521-4acf-9' AND ID='1968615257'
INSERT INTO ROOM VALUES('0a338a1f-4521-4acf-9','1968615257',100,'MMO_Room_1','{}')
COMMIT
DELETE FROM ROOM WHERE APPKEY='0a338a1f-4521-4acf-9' AND ID='1968615257'
INSERT INTO ROOM VALUES('0a338a1f-4521-4acf-9','1968615257',100,'MMO_Room_1','{}')
COMMIT
DELETE FROM ROOM WHERE APPKEY='0a338a1f-4521-4acf-9' AND ID='1968615257'
INSERT INTO ROOM VALUES('0a338a1f-4521-4acf-9','1968615257',100,'MMO_Room_1','{}')
COMMIT
DELETE FROM ROOM WHERE APPKEY='0a338a1f-4521-4acf-9' AND ID='1968615257'
INSERT INTO ROOM VALUES('0a338a1f-4521-4acf-9','1968615257',100,'MMO_Room_1','{}')
COMMIT
DELETE FROM ROOM WHERE APPKEY='0a338a1f-4521-4acf-9' AND ID='1968615257'
INSERT INTO ROOM VALUES('0a338a1f-4521-4acf-9','1968615257',100,'MMO_Room_1','{}')
COMMIT
DELETE FROM ROOM WHERE APPKEY='0a338a1f-4521-4acf-9' AND ID='1968615257'
INSERT INTO ROOM VALUES('0a338a1f-4521-4acf-9','1968615257',100,'MMO_Room_1','{}')
COMMIT
DELETE FROM ROOM WHERE APPKEY='0a338a1f-4521-4acf-9' AND ID='1968615257'
INSERT INTO ROOM VALUES('0a338a1f-4521-4acf-9','1968615257',100,'MMO_Room_1','{}')
COMMIT
DELETE FROM ROOM WHERE APPKEY='0a338a1f-4521-4acf-9' AND ID='1968615257'
INSERT INTO ROOM VALUES('0a338a1f-4521-4acf-9','1968615257',100,'MMO_Room_1','{}')
COMMIT
DELETE FROM ROOM WHERE APPKEY='0a338a1f-4521-4acf-9' AND ID='1968615257'
INSERT INTO ROOM VALUES('0a338a1f-4521-4acf-9','1968615257',100,'MMO_Room_1','{}')
COMMIT
DELETE FROM ROOM WHERE APPKEY='0a338a1f-4521-4acf-9' AND ID='1968615257'
INSERT INTO ROOM VALUES('0a338a1f-4521-4acf-9','1968615257',100,'MMO_Room_1','{}')
COMMIT
DELETE FROM ROOM WHERE APPKEY='0a338a1f-4521-4acf-9' AND ID='1968615257'
INSERT INTO ROOM VALUES('0a338a1f-4521-4acf-9','1968615257',100,'MMO_Room_1','{}')
COMMIT
DELETE FROM ROOM WHERE APPKEY='0a338a1f-4521-4acf-9' AND ID='1968615257'
INSERT INTO ROOM VALUES('0a338a1f-4521-4acf-9','1968615257',100,'MMO_Room_1','{}')
COMMIT
DELETE FROM ROOM WHERE APPKEY='0a338a1f-4521-4acf-9' AND ID='1968615257'
INSERT INTO ROOM VALUES('0a338a1f-4521-4acf-9','1968615257',100,'MMO_Room_1','{}')
COMMIT
DELETE FROM ROOM WHERE APPKEY='0a338a1f-4521-4acf-9' AND ID='1968615257'
INSERT INTO ROOM VALUES('0a338a1f-4521-4acf-9','1968615257',100,'MMO_Room_1','{}')
COMMIT
DELETE FROM ROOM WHERE APPKEY='0a338a1f-4521-4acf-9' AND ID='1968615257'
INSERT INTO ROOM VALUES('0a338a1f-4521-4acf-9','1968615257',100,'MMO_Room_1','{}')
COMMIT
DELETE FROM ROOM WHERE APPKEY='0a338a1f-4521-4acf-9' AND ID='1968615257'
INSERT INTO ROOM VALUES('0a338a1f-4521-4acf-9','1968615257',100,'MMO_Room_1','{}')
COMMIT
DELETE FROM ROOM WHERE APPKEY='0a338a1f-4521-4acf-9' AND ID='1968615257'
INSERT INTO ROOM VALUES('0a338a1f-4521-4acf-9','1968615257',100,'MMO_Room_1','{}')
COMMIT
DELETE FROM ROOM WHERE APPKEY='0a338a1f-4521-4acf-9' AND ID='1968615257'
INSERT INTO ROOM VALUES('0a338a1f-4521-4acf-9','1968615257',100,'MMO_Room_1','{}')
COMMIT
DELETE FROM ROOM WHERE APPKEY='0a338a1f-4521-4acf-9' AND ID='1968615257'
INSERT INTO ROOM VALUES('0a338a1f-4521-4acf-9','1968615257',100,'MMO_Room_1','{}')
COMMIT
DELETE FROM ROOM WHERE APPKEY='0a338a1f-4521-4acf-9' AND ID='1968615257'
INSERT INTO ROOM VALUES('0a338a1f-4521-4acf-9','1968615257',100,'MMO_Room_1','{}')
COMMIT
DELETE FROM ROOM WHERE APPKEY='0a338a1f-4521-4acf-9' AND ID='1968615257'
INSERT INTO ROOM VALUES('0a338a1f-4521-4acf-9','1968615257',100,'MMO_Room_1','{}')
COMMIT
DELETE FROM ROOM WHERE APPKEY='0a338a1f-4521-4acf-9' AND ID='1968615257'
INSERT INTO ROOM VALUES('0a338a1f-4521-4acf-9','1968615257',100,'MMO_Room_1','{}')
COMMIT
DELETE FROM ROOM WHERE APPKEY='0a338a1f-4521-4acf-9' AND ID='1968615257'
INSERT INTO ROOM VALUES('0a338a1f-4521-4acf-9','1968615257',100,'MMO_Room_1','{}')
COMMIT
DELETE FROM ROOM WHERE APPKEY='0a338a1f-4521-4acf-9' AND ID='1968615257'
INSERT INTO ROOM VALUES('0a338a1f-4521-4acf-9','1968615257',100,'MMO_Room_1','{}')
COMMIT
DELETE FROM ROOM WHERE APPKEY='0a338a1f-4521-4acf-9' AND ID='1968615257'
INSERT INTO ROOM VALUES('0a338a1f-4521-4acf-9','1968615257',100,'MMO_Room_1','{}')
COMMIT
DELETE FROM ROOM WHERE APPKEY='0a338a1f-4521-4acf-9' AND ID='1968615257'
INSERT INTO ROOM VALUES('0a338a1f-4521-4acf-9','1968615257',100,'MMO_Room_1','{}')
COMMIT
DELETE FROM ROOM WHERE APPKEY='0a338a1f-4521-4acf-9' AND ID='1968615257'
INSERT INTO ROOM VALUES('0a338a1f-4521-4acf-9','1968615257',100,'MMO_Room_1','{}')
COMMIT
DELETE FROM ROOM WHERE APPKEY='0a338a1f-4521-4acf-9' AND ID='1968615257'
INSERT INTO ROOM VALUES('0a338a1f-4521-4acf-9','1968615257',100,'MMO_Room_1','{}')
COMMIT
DELETE FROM ROOM WHERE APPKEY='0a338a1f-4521-4acf-9' AND ID='1968615257'
INSERT INTO ROOM VALUES('0a338a1f-4521-4acf-9','1968615257',100,'MMO_Room_1','{}')
COMMIT
DELETE FROM ROOM WHERE APPKEY='0a338a1f-4521-4acf-9' AND ID='1968615257'
INSERT INTO ROOM VALUES('0a338a1f-4521-4acf-9','1968615257',100,'MMO_Room_1','{}')
COMMIT
DELETE FROM ROOM WHERE APPKEY='0a338a1f-4521-4acf-9' AND ID='1968615257'
INSERT INTO ROOM VALUES('0a338a1f-4521-4acf-9','1968615257',100,'MMO_Room_1','{}')
COMMIT
DELETE FROM ROOM WHERE APPKEY='0a338a1f-4521-4acf-9' AND ID='1968615257'
INSERT INTO ROOM VALUES('0a338a1f-4521-4acf-9','1968615257',100,'MMO_Room_1','{}')
COMMIT
INSERT INTO METERING VALUES('0a338a1f-4521-4acf-9',130,0,'dummy')
COMMIT
DELETE FROM ROOM WHERE APPKEY='0a338a1f-4521-4acf-9' AND ID='1968615257'
INSERT INTO ROOM VALUES('0a338a1f-4521-4acf-9','1968615257',100,'MMO_Room_1','{}')
COMMIT
DELETE FROM ROOM WHERE APPKEY='0a338a1f-4521-4acf-9' AND ID='1968615257'
INSERT INTO ROOM VALUES('0a338a1f-4521-4acf-9','1968615257',100,'MMO_Room_1','{}')
COMMIT
DELETE FROM ROOM WHERE APPKEY='0a338a1f-4521-4acf-9' AND ID='1968615257'
INSERT INTO ROOM VALUES('0a338a1f-4521-4acf-9','1968615257',100,'MMO_Room_1','{}')
COMMIT
DELETE FROM ROOM WHERE APPKEY='0a338a1f-4521-4acf-9' AND ID='1968615257'
INSERT INTO ROOM VALUES('0a338a1f-4521-4acf-9','1968615257',100,'MMO_Room_1','{}')
COMMIT
DELETE FROM ROOM WHERE APPKEY='0a338a1f-4521-4acf-9' AND ID='1968615257'
INSERT INTO ROOM VALUES('0a338a1f-4521-4acf-9','1968615257',100,'MMO_Room_1','{}')
COMMIT
DELETE FROM ROOM WHERE APPKEY='0a338a1f-4521-4acf-9' AND ID='1968615257'
INSERT INTO ROOM VALUES('0a338a1f-4521-4acf-9','1968615257',100,'MMO_Room_1','{}')
COMMIT
DELETE FROM ROOM WHERE APPKEY='0a338a1f-4521-4acf-9' AND ID='1968615257'
INSERT INTO ROOM VALUES('0a338a1f-4521-4acf-9','1968615257',100,'MMO_Room_1','{}')
COMMIT
DELETE FROM ROOM WHERE APPKEY='0a338a1f-4521-4acf-9' AND ID='1968615257'
INSERT INTO ROOM VALUES('0a338a1f-4521-4acf-9','1968615257',100,'MMO_Room_1','{}')
COMMIT
DELETE FROM ROOM WHERE APPKEY='0a338a1f-4521-4acf-9' AND ID='1968615257'
INSERT INTO ROOM VALUES('0a338a1f-4521-4acf-9','1968615257',100,'MMO_Room_1','{}')
COMMIT
DELETE FROM ROOM WHERE APPKEY='0a338a1f-4521-4acf-9' AND ID='1968615257'
INSERT INTO ROOM VALUES('0a338a1f-4521-4acf-9','1968615257',100,'MMO_Room_1','{}')
COMMIT
DELETE FROM ROOM WHERE APPKEY='0a338a1f-4521-4acf-9' AND ID='1968615257'
INSERT INTO ROOM VALUES('0a338a1f-4521-4acf-9','1968615257',100,'MMO_Room_1','{}')
COMMIT
DELETE FROM ROOM WHERE APPKEY='0a338a1f-4521-4acf-9' AND ID='1968615257'
INSERT INTO ROOM VALUES('0a338a1f-4521-4acf-9','1968615257',100,'MMO_Room_1','{}')
COMMIT
DELETE FROM ROOM WHERE APPKEY='0a338a1f-4521-4acf-9' AND ID='1968615257'
INSERT INTO ROOM VALUES('0a338a1f-4521-4acf-9','1968615257',100,'MMO_Room_1','{}')
COMMIT
DELETE FROM ROOM WHERE APPKEY='0a338a1f-4521-4acf-9' AND ID='1968615257'
INSERT INTO ROOM VALUES('0a338a1f-4521-4acf-9','1968615257',100,'MMO_Room_1','{}')
COMMIT
DELETE FROM ROOM WHERE APPKEY='0a338a1f-4521-4acf-9' AND ID='1968615257'
INSERT INTO ROOM VALUES('0a338a1f-4521-4acf-9','1968615257',100,'MMO_Room_1','{}')
COMMIT
DELETE FROM ROOM WHERE APPKEY='0a338a1f-4521-4acf-9' AND ID='1968615257'
INSERT INTO ROOM VALUES('0a338a1f-4521-4acf-9','1968615257',100,'MMO_Room_1','{}')
COMMIT
DELETE FROM ROOM WHERE APPKEY='0a338a1f-4521-4acf-9' AND ID='1968615257'
INSERT INTO ROOM VALUES('0a338a1f-4521-4acf-9','1968615257',100,'MMO_Room_1','{}')
COMMIT
DELETE FROM ROOM WHERE APPKEY='0a338a1f-4521-4acf-9' AND ID='1968615257'
INSERT INTO ROOM VALUES('0a338a1f-4521-4acf-9','1968615257',100,'MMO_Room_1','{}')
COMMIT
DELETE FROM ROOM WHERE APPKEY='0a338a1f-4521-4acf-9' AND ID='1968615257'
INSERT INTO ROOM VALUES('0a338a1f-4521-4acf-9','1968615257',100,'MMO_Room_1','{}')
COMMIT
DELETE FROM ROOM WHERE APPKEY='0a338a1f-4521-4acf-9' AND ID='1968615257'
INSERT INTO ROOM VALUES('0a338a1f-4521-4acf-9','1968615257',100,'MMO_Room_1','{}')
COMMIT
DELETE FROM ROOM WHERE APPKEY='0a338a1f-4521-4acf-9' AND ID='1968615257'
INSERT INTO ROOM VALUES('0a338a1f-4521-4acf-9','1968615257',100,'MMO_Room_1','{}')
COMMIT
DELETE FROM ROOM WHERE APPKEY='0a338a1f-4521-4acf-9' AND ID='1968615257'
INSERT INTO ROOM VALUES('0a338a1f-4521-4acf-9','1968615257',100,'MMO_Room_1','{}')
COMMIT
DELETE FROM ROOM WHERE APPKEY='0a338a1f-4521-4acf-9' AND ID='1968615257'
INSERT INTO ROOM VALUES('0a338a1f-4521-4acf-9','1968615257',100,'MMO_Room_1','{}')
COMMIT
DELETE FROM ROOM WHERE APPKEY='0a338a1f-4521-4acf-9' AND ID='1968615257'
INSERT INTO ROOM VALUES('0a338a1f-4521-4acf-9','1968615257',100,'MMO_Room_1','{}')
COMMIT
DELETE FROM ROOM WHERE APPKEY='0a338a1f-4521-4acf-9' AND ID='1968615257'
INSERT INTO ROOM VALUES('0a338a1f-4521-4acf-9','1968615257',100,'MMO_Room_1','{}')
COMMIT
DELETE FROM ROOM WHERE APPKEY='0a338a1f-4521-4acf-9' AND ID='1968615257'
INSERT INTO ROOM VALUES('0a338a1f-4521-4acf-9','1968615257',100,'MMO_Room_1','{}')
COMMIT
DELETE FROM ROOM WHERE APPKEY='0a338a1f-4521-4acf-9' AND ID='1968615257'
INSERT INTO ROOM VALUES('0a338a1f-4521-4acf-9','1968615257',100,'MMO_Room_1','{}')
COMMIT
DELETE FROM ROOM WHERE APPKEY='0a338a1f-4521-4acf-9' AND ID='1968615257'
INSERT INTO ROOM VALUES('0a338a1f-4521-4acf-9','1968615257',100,'MMO_Room_1','{}')
COMMIT
DELETE FROM ROOM WHERE APPKEY='0a338a1f-4521-4acf-9' AND ID='1968615257'
INSERT INTO ROOM VALUES('0a338a1f-4521-4acf-9','1968615257',100,'MMO_Room_1','{}')
COMMIT
DELETE FROM ROOM WHERE APPKEY='0a338a1f-4521-4acf-9' AND ID='1968615257'
INSERT INTO ROOM VALUES('0a338a1f-4521-4acf-9','1968615257',100,'MMO_Room_1','{}')
COMMIT
DELETE FROM ROOM WHERE APPKEY='0a338a1f-4521-4acf-9' AND ID='1968615257'
INSERT INTO ROOM VALUES('0a338a1f-4521-4acf-9','1968615257',100,'MMO_Room_1','{}')
COMMIT
DELETE FROM ROOM WHERE APPKEY='0a338a1f-4521-4acf-9' AND ID='1968615257'
INSERT INTO ROOM VALUES('0a338a1f-4521-4acf-9','1968615257',100,'MMO_Room_1','{}')
COMMIT
DELETE FROM ROOM WHERE APPKEY='0a338a1f-4521-4acf-9' AND ID='1968615257'
INSERT INTO ROOM VALUES('0a338a1f-4521-4acf-9','1968615257',100,'MMO_Room_1','{}')
COMMIT
DELETE FROM ROOM WHERE APPKEY='0a338a1f-4521-4acf-9' AND ID='1968615257'
INSERT INTO ROOM VALUES('0a338a1f-4521-4acf-9','1968615257',100,'MMO_Room_1','{}')
COMMIT
DELETE FROM ROOM WHERE APPKEY='0a338a1f-4521-4acf-9' AND ID='1968615257'
INSERT INTO ROOM VALUES('0a338a1f-4521-4acf-9','1968615257',100,'MMO_Room_1','{}')
COMMIT
DELETE FROM ROOM WHERE APPKEY='0a338a1f-4521-4acf-9' AND ID='1968615257'
INSERT INTO ROOM VALUES('0a338a1f-4521-4acf-9','1968615257',100,'MMO_Room_1','{}')
COMMIT
DELETE FROM ROOM WHERE APPKEY='0a338a1f-4521-4acf-9' AND ID='1968615257'
INSERT INTO ROOM VALUES('0a338a1f-4521-4acf-9','1968615257',100,'MMO_Room_1','{}')
COMMIT
DELETE FROM ROOM WHERE APPKEY='0a338a1f-4521-4acf-9' AND ID='1968615257'
INSERT INTO ROOM VALUES('0a338a1f-4521-4acf-9','1968615257',100,'MMO_Room_1','{}')
COMMIT
DELETE FROM ROOM WHERE APPKEY='0a338a1f-4521-4acf-9' AND ID='1968615257'
INSERT INTO ROOM VALUES('0a338a1f-4521-4acf-9','1968615257',100,'MMO_Room_1','{}')
COMMIT
